Removed Pin From Net: NetName=GND Pin=D1-2
Removed Pin From Net: NetName=GND Pin=D2-2
Removed Pin From Net: NetName=GND Pin=D3-2
Removed Pin From Net: NetName=GND Pin=D4-2
Removed Pin From Net: NetName=GND Pin=D5-2
Removed Pin From Net: NetName=GND Pin=D6-2
Removed Pin From Net: NetName=GND Pin=D7-2
Removed Pin From Net: NetName=GND Pin=D8-2
Removed Pin From Net: NetName=GND Pin=D9-2
Removed Pin From Net: NetName=GND Pin=D10-2
Removed Pin From Net: NetName=GND Pin=D11-2
Removed Pin From Net: NetName=GND Pin=D12-2
Removed Pin From Net: NetName=5V Pin=P2-1
Removed Pin From Net: NetName=5V Pin=P2-2
Removed Pin From Net: NetName=GND Pin=P2-3
Removed Pin From Net: NetName=GND Pin=P3-1
Removed Pin From Net: NetName=GND Pin=P3-2
Removed Pin From Net: NetName=GND Pin=P3-3
Removed Pin From Net: NetName=5V Pin=P4-1
Removed Pin From Net: NetName=GND Pin=P4-3
Removed Pin From Net: NetName=5V Pin=P5-1
Removed Pin From Net: NetName=GND Pin=P5-3
Removed Pin From Net: NetName=5V Pin=P9-1
Removed Pin From Net: NetName=5V Pin=P9-2
Removed Pin From Net: NetName=5V Pin=P9-3
Removed Pin From Net: NetName=GND Pin=P18-1
Removed Pin From Net: NetName=GND Pin=P19-1
Removed Pin From Net: NetName=TX1 Pin=P19-2
Removed Pin From Net: NetName=RX1 Pin=P19-3
Removed Pin From Net: NetName=TX3 Pin=P20-1
Removed Pin From Net: NetName=GND Pin=P20-4
Removed Pin From Net: NetName=5V Pin=P20-5
Removed Pin From Net: NetName=GND Pin=POWER-2
Removed Pin From Net: NetName=GND Pin=POWER-3
Removed Pin From Net: NetName=5V Pin=POWER-4
Removed Pin From Net: NetName=GND Pin=PWM_H-7
Removed Pin From Net: NetName=GND Pin=R1-1
Removed Pin From Net: NetName=GND Pin=R2-1
Removed Pin From Net: NetName=GND Pin=R3-1
Removed Pin From Net: NetName=GND Pin=R4-1
Removed Pin From Net: NetName=GND Pin=R5-1
Removed Pin From Net: NetName=GND Pin=R6-1
Removed Pin From Net: NetName=GND Pin=R7-1
Removed Pin From Net: NetName=GND Pin=R8-1
Removed Pin From Net: NetName=GND Pin=R9-1
Removed Pin From Net: NetName=GND Pin=R10-1
Removed Pin From Net: NetName=GND Pin=R11-1
Removed Pin From Net: NetName=GND Pin=R12-1
Removed Pin From Net: NetName=GND Pin=R13-1
Removed Pin From Net: NetName=GND Pin=R14-1
Removed Pin From Net: NetName=GND Pin=R15-1
Removed Pin From Net: NetName=GND Pin=R16-1
Removed Pin From Net: NetName=5V Pin=R17-2
Removed Pin From Net: NetName=GND Pin=R18-2
Removed Pin From Net: NetName=5V Pin=R19-3
Removed Member From Class: ClassName=AdruinoMegaSheild Member=AD_L
Removed Member From Class: ClassName=AdruinoMegaSheild Member=D1
Removed Member From Class: ClassName=AdruinoMegaSheild Member=D2
Removed Member From Class: ClassName=AdruinoMegaSheild Member=D3
Removed Member From Class: ClassName=AdruinoMegaSheild Member=D4
Removed Member From Class: ClassName=AdruinoMegaSheild Member=D5
Removed Member From Class: ClassName=AdruinoMegaSheild Member=D6
Removed Member From Class: ClassName=AdruinoMegaSheild Member=D7
Removed Member From Class: ClassName=AdruinoMegaSheild Member=D8
Removed Member From Class: ClassName=AdruinoMegaSheild Member=D9
Removed Member From Class: ClassName=AdruinoMegaSheild Member=D10
Removed Member From Class: ClassName=AdruinoMegaSheild Member=D11
Removed Member From Class: ClassName=AdruinoMegaSheild Member=D12
Removed Member From Class: ClassName=AdruinoMegaSheild Member=P1
Removed Member From Class: ClassName=AdruinoMegaSheild Member=P2
Removed Member From Class: ClassName=AdruinoMegaSheild Member=P3
Removed Member From Class: ClassName=AdruinoMegaSheild Member=P4
Removed Member From Class: ClassName=AdruinoMegaSheild Member=P5
Removed Member From Class: ClassName=AdruinoMegaSheild Member=P6
Removed Member From Class: ClassName=AdruinoMegaSheild Member=P7
Removed Member From Class: ClassName=AdruinoMegaSheild Member=P8
Removed Member From Class: ClassName=AdruinoMegaSheild Member=P9
Removed Member From Class: ClassName=AdruinoMegaSheild Member=P10
Removed Member From Class: ClassName=AdruinoMegaSheild Member=P11
Removed Member From Class: ClassName=AdruinoMegaSheild Member=P12
Removed Member From Class: ClassName=AdruinoMegaSheild Member=P13
Removed Member From Class: ClassName=AdruinoMegaSheild Member=P14
Removed Member From Class: ClassName=AdruinoMegaSheild Member=P15
Removed Member From Class: ClassName=AdruinoMegaSheild Member=P16
Removed Member From Class: ClassName=AdruinoMegaSheild Member=P17
Removed Member From Class: ClassName=AdruinoMegaSheild Member=P18
Removed Member From Class: ClassName=AdruinoMegaSheild Member=P19
Removed Member From Class: ClassName=AdruinoMegaSheild Member=P20
Removed Member From Class: ClassName=AdruinoMegaSheild Member=POWER
Removed Member From Class: ClassName=AdruinoMegaSheild Member=PWM_H
Removed Member From Class: ClassName=AdruinoMegaSheild Member=PWM_L
Removed Member From Class: ClassName=AdruinoMegaSheild Member=R1
Removed Member From Class: ClassName=AdruinoMegaSheild Member=R2
Removed Member From Class: ClassName=AdruinoMegaSheild Member=R3
Removed Member From Class: ClassName=AdruinoMegaSheild Member=R4
Removed Member From Class: ClassName=AdruinoMegaSheild Member=R5
Removed Member From Class: ClassName=AdruinoMegaSheild Member=R6
Removed Member From Class: ClassName=AdruinoMegaSheild Member=R7
Removed Member From Class: ClassName=AdruinoMegaSheild Member=R8
Removed Member From Class: ClassName=AdruinoMegaSheild Member=R9
Removed Member From Class: ClassName=AdruinoMegaSheild Member=R10
Removed Member From Class: ClassName=AdruinoMegaSheild Member=R11
Removed Member From Class: ClassName=AdruinoMegaSheild Member=R12
Removed Member From Class: ClassName=AdruinoMegaSheild Member=R13
Removed Member From Class: ClassName=AdruinoMegaSheild Member=R14
Removed Member From Class: ClassName=AdruinoMegaSheild Member=R15
Removed Member From Class: ClassName=AdruinoMegaSheild Member=R16
Removed Member From Class: ClassName=AdruinoMegaSheild Member=R17
Removed Member From Class: ClassName=AdruinoMegaSheild Member=R18
Removed Member From Class: ClassName=AdruinoMegaSheild Member=R19
Removed Member From Class: ClassName=AdruinoMegaSheild Member=R20
Removed Member From Class: ClassName=AdruinoMegaSheild Member=R21
Removed Member From Class: ClassName=AdruinoMegaSheild Member=R22
Removed Member From Class: ClassName=AdruinoMegaSheild Member=R23
Removed Member From Class: ClassName=AdruinoMegaSheild Member=R24
Removed Member From Class: ClassName=AdruinoMegaSheild Member=R25
Removed Member From Class: ClassName=AdruinoMegaSheild Member=R26
Removed Member From Class: ClassName=AdruinoMegaSheild Member=R27
Removed Member From Class: ClassName=AdruinoMegaSheild Member=R28
Removed Member From Class: ClassName=AdruinoMegaSheild Member=R29
Removed Member From Class: ClassName=AdruinoMegaSheild Member=R30
Removed Member From Class: ClassName=AdruinoMegaSheild Member=R31
Change Component Footprint: Designator=DIGITAL Old Footprint=HEADER 36X 8MM New Footprint=HDR2X18
Added Component: Designator=C?(C0805)
Added Component: Designator=C?(C0805)
Added Component: Designator=P?(HDR1X4)
Added Component: Designator=P?(HDR2X15)
Added Component: Designator=P?(HDR1X8)
Added Component: Designator=P?(HDR1X8)
Added Component: Designator=P?(HDR1X8)
Added Component: Designator=P?(HDR1X8)
Added Component: Designator=P?(HDR1X8)
Added Component: Designator=U?(SOT223)
Added Pin To Net: NetName=GND Pin=C?-1
Added Pin To Net: NetName=GND Pin=C?-1
Added Pin To Net: NetName=5V Pin=C?-2
Added Pin To Net: NetName=5V Pin=DIGITAL-1
Added Pin To Net: NetName=GND Pin=DIGITAL-35
Added Pin To Net: NetName=TX1 Pin=P?-1
Added Pin To Net: NetName=GND Pin=P?-2
Added Pin To Net: NetName=RX1 Pin=P?-2
Added Pin To Net: NetName=GND Pin=P?-3
Added Pin To Net: NetName=GND Pin=P?-3
Added Pin To Net: NetName=GND Pin=P?-3
Added Pin To Net: NetName=GND Pin=P?-3
Added Pin To Net: NetName=GND Pin=P?-3
Added Pin To Net: NetName=GND Pin=P?-3
Added Pin To Net: NetName=GND Pin=U?-1
Added Pin To Net: NetName=5V Pin=U?-3
Added Pin To Net: NetName=CS1 Pin=DIGITAL-29
Added Pin To Net: NetName=CS1 Pin=P?-8
Added Net: Name=CS1
Added Pin To Net: NetName=CS2 Pin=DIGITAL-27
Added Net: Name=CS2
Added Pin To Net: NetName=CS3 Pin=DIGITAL-25
Added Net: Name=CS3
Added Pin To Net: NetName=CS4 Pin=DIGITAL-23
Added Net: Name=CS4
Added Pin To Net: NetName=CS5 Pin=DIGITAL-21
Added Net: Name=CS5
Added Pin To Net: NetName=CS6 Pin=DIGITAL-19
Added Net: Name=CS6
Added Pin To Net: NetName=CS7 Pin=DIGITAL-17
Added Net: Name=CS7
Added Pin To Net: NetName=CS8 Pin=DIGITAL-15
Added Net: Name=CS8
Added Pin To Net: NetName=CS9 Pin=DIGITAL-13
Added Net: Name=CS9
Added Pin To Net: NetName=CS10 Pin=DIGITAL-11
Added Net: Name=CS10
Added Pin To Net: NetName=CS11 Pin=DIGITAL-9
Added Net: Name=CS11
Added Pin To Net: NetName=CS12 Pin=DIGITAL-7
Added Net: Name=CS12
Added Pin To Net: NetName=CS13 Pin=DIGITAL-5
Added Pin To Net: NetName=CS13 Pin=P?-8
Added Net: Name=CS13
Added Pin To Net: NetName=CS14 Pin=DIGITAL-3
Added Pin To Net: NetName=CS14 Pin=P?-8
Added Net: Name=CS14
Added Pin To Net: NetName=CS15 Pin=AD_H-7
Added Pin To Net: NetName=CS15 Pin=P?-8
Added Net: Name=CS15
Added Pin To Net: NetName=CS16 Pin=AD_H-5
Added Pin To Net: NetName=CS16 Pin=P?-8
Added Net: Name=CS16
Added Pin To Net: NetName=CS17 Pin=AD_H-3
Added Pin To Net: NetName=CS17 Pin=P?-8
Added Net: Name=CS17
Added Pin To Net: NetName=MISO Pin=DIGITAL-31
Added Pin To Net: NetName=MISO Pin=P?-5
Added Pin To Net: NetName=MISO Pin=P?-5
Added Pin To Net: NetName=MISO Pin=P?-5
Added Pin To Net: NetName=MISO Pin=P?-5
Added Pin To Net: NetName=MISO Pin=P?-5
Added Pin To Net: NetName=MISO Pin=P?-6
Added Net: Name=MISO
Added Pin To Net: NetName=MOSI Pin=DIGITAL-32
Added Pin To Net: NetName=MOSI Pin=P?-5
Added Pin To Net: NetName=MOSI Pin=P?-6
Added Pin To Net: NetName=MOSI Pin=P?-6
Added Pin To Net: NetName=MOSI Pin=P?-6
Added Pin To Net: NetName=MOSI Pin=P?-6
Added Pin To Net: NetName=MOSI Pin=P?-6
Added Net: Name=MOSI
Added Pin To Net: NetName=RESET1 Pin=DIGITAL-30
Added Pin To Net: NetName=RESET1 Pin=P?-7
Added Net: Name=RESET1
Added Pin To Net: NetName=RESET2 Pin=DIGITAL-28
Added Net: Name=RESET2
Added Pin To Net: NetName=RESET3 Pin=DIGITAL-26
Added Net: Name=RESET3
Added Pin To Net: NetName=RESET4 Pin=DIGITAL-24
Added Net: Name=RESET4
Added Pin To Net: NetName=RESET5 Pin=DIGITAL-22
Added Net: Name=RESET5
Added Pin To Net: NetName=RESET6 Pin=DIGITAL-20
Added Net: Name=RESET6
Added Pin To Net: NetName=RESET7 Pin=DIGITAL-18
Added Net: Name=RESET7
Added Pin To Net: NetName=RESET8 Pin=DIGITAL-16
Added Net: Name=RESET8
Added Pin To Net: NetName=RESET9 Pin=DIGITAL-14
Added Net: Name=RESET9
Added Pin To Net: NetName=RESET10 Pin=DIGITAL-12
Added Net: Name=RESET10
Added Pin To Net: NetName=RESET11 Pin=DIGITAL-10
Added Net: Name=RESET11
Added Pin To Net: NetName=RESET12 Pin=DIGITAL-8
Added Net: Name=RESET12
Added Pin To Net: NetName=RESET13 Pin=DIGITAL-6
Added Pin To Net: NetName=RESET13 Pin=P?-2
Added Net: Name=RESET13
Added Pin To Net: NetName=RESET14 Pin=DIGITAL-4
Added Pin To Net: NetName=RESET14 Pin=P?-2
Added Net: Name=RESET14
Added Pin To Net: NetName=RESET15 Pin=AD_H-8
Added Pin To Net: NetName=RESET15 Pin=P?-2
Added Net: Name=RESET15
Added Pin To Net: NetName=RESET16 Pin=AD_H-6
Added Pin To Net: NetName=RESET16 Pin=P?-2
Added Net: Name=RESET16
Added Pin To Net: NetName=RESET17 Pin=AD_H-4
Added Pin To Net: NetName=RESET17 Pin=P?-2
Added Net: Name=RESET17
Added Pin To Net: NetName=SCK Pin=DIGITAL-33
Added Pin To Net: NetName=SCK Pin=P?-4
Added Pin To Net: NetName=SCK Pin=P?-7
Added Pin To Net: NetName=SCK Pin=P?-7
Added Pin To Net: NetName=SCK Pin=P?-7
Added Pin To Net: NetName=SCK Pin=P?-7
Added Pin To Net: NetName=SCK Pin=P?-7
Added Net: Name=SCK
Added Pin To Net: NetName=VDD+3.3V Pin=C?-2
Added Pin To Net: NetName=VDD+3.3V Pin=P?-1
Added Pin To Net: NetName=VDD+3.3V Pin=P?-1
Added Pin To Net: NetName=VDD+3.3V Pin=P?-1
Added Pin To Net: NetName=VDD+3.3V Pin=P?-1
Added Pin To Net: NetName=VDD+3.3V Pin=P?-1
Added Pin To Net: NetName=VDD+3.3V Pin=P?-1
Added Pin To Net: NetName=VDD+3.3V Pin=P?-4
Added Pin To Net: NetName=VDD+3.3V Pin=U?-2
Added Pin To Net: NetName=VDD+3.3V Pin=U?-2
Added Net: Name=VDD+3.3V
Change Class Name : Old Net Name=AdruinoMegaSheild New Net Name=pocker_shematics
Added Member To Class: ClassName=pocker_shematics Member=Component C? Cap
Added Member To Class: ClassName=pocker_shematics Member=Component P? Header 4
Added Member To Class: ClassName=pocker_shematics Member=Component U? AMS1117 - 3.3
Added Room: Name=pocker_shematics
