Added Component: Designator=C1(C0805)
Added Component: Designator=C2(C0805)
Added Component: Designator=C3(C0805)
Added Component: Designator=C4(C0805)
Added Component: Designator=C5(C0805)
Added Component: Designator=C6(C0805)
Added Component: Designator=P1(HDR1X8)
Added Component: Designator=P2(HDR1X8)
Added Component: Designator=P3(HDR1X10)
Added Component: Designator=R1(6-0805_N)
Added Component: Designator=R2(6-0805_N)
Added Component: Designator=R3(6-0805_N)
Added Pin To Net: NetName=3.3V Pin=C1-2
Added Pin To Net: NetName=3.3V Pin=C5-2
Added Pin To Net: NetName=3.3V Pin=C6-2
Added Pin To Net: NetName=3.3V Pin=P1-1
Added Pin To Net: NetName=3.3V Pin=P2-1
Added Pin To Net: NetName=3.3V Pin=P3-1
Added Net: Name=3.3V
Added Pin To Net: NetName=GND Pin=C1-1
Added Pin To Net: NetName=GND Pin=C2-1
Added Pin To Net: NetName=GND Pin=C3-2
Added Pin To Net: NetName=GND Pin=C4-2
Added Pin To Net: NetName=GND Pin=C5-1
Added Pin To Net: NetName=GND Pin=C6-1
Added Pin To Net: NetName=GND Pin=P1-3
Added Pin To Net: NetName=GND Pin=P2-3
Added Pin To Net: NetName=GND Pin=P3-3
Added Net: Name=GND
Added Pin To Net: NetName=MISO Pin=C2-2
Added Pin To Net: NetName=MISO Pin=P1-5
Added Pin To Net: NetName=MISO Pin=P2-5
Added Pin To Net: NetName=MISO Pin=R1-1
Added Net: Name=MISO
Added Pin To Net: NetName=MOSI Pin=C3-1
Added Pin To Net: NetName=MOSI Pin=P1-6
Added Pin To Net: NetName=MOSI Pin=P2-6
Added Pin To Net: NetName=MOSI Pin=R2-1
Added Net: Name=MOSI
Added Pin To Net: NetName=NetP3_5 Pin=P3-5
Added Pin To Net: NetName=NetP3_5 Pin=R1-2
Added Net: Name=NetP3_5
Added Pin To Net: NetName=NetP3_6 Pin=P3-6
Added Pin To Net: NetName=NetP3_6 Pin=R2-2
Added Net: Name=NetP3_6
Added Pin To Net: NetName=NetP3_7 Pin=P3-7
Added Pin To Net: NetName=NetP3_7 Pin=R3-2
Added Net: Name=NetP3_7
Added Pin To Net: NetName=RST1 Pin=P2-2
Added Pin To Net: NetName=RST1 Pin=P3-2
Added Net: Name=RST1
Added Pin To Net: NetName=RST2 Pin=P1-2
Added Pin To Net: NetName=RST2 Pin=P3-9
Added Net: Name=RST2
Added Pin To Net: NetName=SCK Pin=C4-1
Added Pin To Net: NetName=SCK Pin=P1-7
Added Pin To Net: NetName=SCK Pin=P2-7
Added Pin To Net: NetName=SCK Pin=R3-1
Added Net: Name=SCK
Added Pin To Net: NetName=SS1 Pin=P2-8
Added Pin To Net: NetName=SS1 Pin=P3-8
Added Net: Name=SS1
Added Pin To Net: NetName=SS2 Pin=P1-8
Added Pin To Net: NetName=SS2 Pin=P3-10
Added Net: Name=SS2
Added Class: Name=SHIELD1
Added Room: Name=SHIELD1
