Added Component: Designator=C1(C0805)
Added Component: Designator=C2(C0805)
Added Component: Designator=C3(C0805)
Added Component: Designator=C4(C0805)
Added Component: Designator=C5(C0805)
Added Component: Designator=C6(C0805)
Added Component: Designator=C7(C0805)
Added Component: Designator=P1(HDR1X15)
Added Component: Designator=P2(HDR1X11)
Added Component: Designator=P3(HDR1X11)
Added Component: Designator=P4(HDR1X11)
Added Component: Designator=P7(HDR1X2)
Added Component: Designator=R1(6-0805_N)
Added Component: Designator=R2(6-0805_N)
Added Component: Designator=R3(6-0805_N)
Added Pin To Net: NetName=GND Pin=C1-1
Added Pin To Net: NetName=3.3V Pin=C1-2
Added Pin To Net: NetName=GND Pin=C2-1
Added Pin To Net: NetName=MISO Pin=C2-2
Added Pin To Net: NetName=MOSI Pin=C3-1
Added Pin To Net: NetName=GND Pin=C3-2
Added Pin To Net: NetName=SCK Pin=C4-1
Added Pin To Net: NetName=GND Pin=C4-2
Added Pin To Net: NetName=GND Pin=C5-1
Added Pin To Net: NetName=3.3V Pin=C5-2
Added Pin To Net: NetName=GND Pin=C6-1
Added Pin To Net: NetName=3.3V Pin=C6-2
Added Pin To Net: NetName=GND Pin=C7-1
Added Pin To Net: NetName=3.3V Pin=C7-2
Added Pin To Net: NetName=SS1 Pin=P1-1
Added Pin To Net: NetName=RST1 Pin=P1-2
Added Pin To Net: NetName=SS2 Pin=P1-3
Added Pin To Net: NetName=RST2 Pin=P1-4
Added Pin To Net: NetName=GND Pin=P1-6
Added Pin To Net: NetName=GND Pin=P1-8
Added Pin To Net: NetName=3.3V Pin=P2-1
Added Pin To Net: NetName=RST1 Pin=P2-2
Added Pin To Net: NetName=GND Pin=P2-3
Added Pin To Net: NetName=GND Pin=P2-4
Added Pin To Net: NetName=MISO Pin=P2-5
Added Pin To Net: NetName=MOSI Pin=P2-6
Added Pin To Net: NetName=GND Pin=P2-7
Added Pin To Net: NetName=SCK Pin=P2-8
Added Pin To Net: NetName=SS1 Pin=P2-9
Added Pin To Net: NetName=RST2 Pin=P2-10
Added Pin To Net: NetName=SS2 Pin=P2-11
Added Pin To Net: NetName=3.3V Pin=P3-1
Added Pin To Net: NetName=GND Pin=P3-3
Added Pin To Net: NetName=GND Pin=P3-4
Added Pin To Net: NetName=MISO Pin=P3-5
Added Pin To Net: NetName=MOSI Pin=P3-6
Added Pin To Net: NetName=GND Pin=P3-7
Added Pin To Net: NetName=SCK Pin=P3-8
Added Pin To Net: NetName=3.3V Pin=P4-1
Added Pin To Net: NetName=GND Pin=P4-3
Added Pin To Net: NetName=GND Pin=P4-4
Added Pin To Net: NetName=MISO Pin=P4-5
Added Pin To Net: NetName=MOSI Pin=P4-6
Added Pin To Net: NetName=GND Pin=P4-7
Added Pin To Net: NetName=SCK Pin=P4-8
Added Pin To Net: NetName=3.3V Pin=P7-1
Added Pin To Net: NetName=GND Pin=P7-2
Added Pin To Net: NetName=MISO Pin=R1-1
Added Pin To Net: NetName=MOSI Pin=R2-1
Added Pin To Net: NetName=SCK Pin=R3-1
Added Pin To Net: NetName=NetP1_5 Pin=P1-5
Added Pin To Net: NetName=NetP1_5 Pin=R3-2
Added Net: Name=NetP1_5
Added Pin To Net: NetName=NetP1_7 Pin=P1-7
Added Pin To Net: NetName=NetP1_7 Pin=R1-2
Added Net: Name=NetP1_7
Added Pin To Net: NetName=NetP1_9 Pin=P1-9
Added Pin To Net: NetName=NetP1_9 Pin=R2-2
Added Net: Name=NetP1_9
Added Pin To Net: NetName=RST3 Pin=P3-2
Added Net: Name=RST3
Added Pin To Net: NetName=RST4 Pin=P1-11
Added Pin To Net: NetName=RST4 Pin=P3-10
Added Net: Name=RST4
Added Pin To Net: NetName=RST5 Pin=P1-13
Added Pin To Net: NetName=RST5 Pin=P4-2
Added Net: Name=RST5
Added Pin To Net: NetName=RST6 Pin=P1-15
Added Pin To Net: NetName=RST6 Pin=P4-10
Added Net: Name=RST6
Added Pin To Net: NetName=SS3 Pin=P3-9
Added Net: Name=SS3
Added Pin To Net: NetName=SS4 Pin=P1-10
Added Pin To Net: NetName=SS4 Pin=P3-11
Added Net: Name=SS4
Added Pin To Net: NetName=SS5 Pin=P1-12
Added Pin To Net: NetName=SS5 Pin=P4-9
Added Net: Name=SS5
Added Pin To Net: NetName=SS6 Pin=P1-14
Added Pin To Net: NetName=SS6 Pin=P4-11
Added Net: Name=SS6
Added Class: Name=SHIELD5
Added Room: Name=SHIELD5
