Removed Pin From Net: NetName=3.3V Pin=P6-1
Removed Pin From Net: NetName=RST1 Pin=P6-2
Removed Pin From Net: NetName=GND Pin=P6-3
Removed Pin From Net: NetName=SS1 Pin=P6-7
Removed Pin From Net: NetName=SS2 Pin=P6-9
Removed Pin From Net: NetName=RST2 Pin=P6-10
Removed Pin From Net: NetName=SS3 Pin=P6-11
Removed Pin From Net: NetName=RST3 Pin=P6-12
Removed Pin From Net: NetName=SS4 Pin=P6-13
Removed Pin From Net: NetName=RST4 Pin=P6-14
Removed Pin From Net: NetName=SS5 Pin=P6-15
Removed Pin From Net: NetName=RST5 Pin=P6-16
Change Component DesignItemId : Designator=P6 Old DesignItemId=Header 16 New DesignItemId=Header 14
Change Component Footprint: Designator=P6 Old Footprint=HDR1X16 New Footprint=HDR1X14
Change Component Comment : Designator=P6 Old Comment=Header 16 New Comment=Header 14
Added Component: Designator=P7(HDR1X2)
Added Pin To Net: NetName=RST1 Pin=P6-4
Added Pin To Net: NetName=SS1 Pin=P6-5
Added Pin To Net: NetName=RST2 Pin=P6-6
Added Pin To Net: NetName=SS2 Pin=P6-7
Added Pin To Net: NetName=SS3 Pin=P6-9
Added Pin To Net: NetName=RST3 Pin=P6-10
Added Pin To Net: NetName=SS4 Pin=P6-11
Added Pin To Net: NetName=RST4 Pin=P6-12
Added Pin To Net: NetName=SS5 Pin=P6-13
Added Pin To Net: NetName=RST5 Pin=P6-14
Added Pin To Net: NetName=3.3V Pin=P7-1
Added Pin To Net: NetName=GND Pin=P7-2
Added Pin To Net: NetName=NetP6_1 Pin=P6-1
Added Pin To Net: NetName=NetP6_1 Pin=R1-2
Added Net: Name=NetP6_1
Added Pin To Net: NetName=NetP6_2 Pin=P6-2
Added Pin To Net: NetName=NetP6_2 Pin=R2-2
Added Net: Name=NetP6_2
Added Pin To Net: NetName=NetP6_3 Pin=P6-3
Added Pin To Net: NetName=NetP6_3 Pin=R3-2
Added Net: Name=NetP6_3
Added Member To Class: ClassName=SHIELD4 Member=Component P7 Header 2
Added Room: Name=SHIELD4
