Removed Pin From Net: NetName=GND Pin=P3-4
Removed Pin From Net: NetName=GND Pin=P3-7
Removed Pin From Net: NetName=SCK Pin=P3-8
Removed Pin From Net: NetName=SS3 Pin=P3-9
Removed Pin From Net: NetName=RST1 Pin=P6-4
Removed Pin From Net: NetName=SS1 Pin=P6-5
Removed Pin From Net: NetName=RST2 Pin=P6-6
Removed Pin From Net: NetName=SS2 Pin=P6-7
Removed Pin From Net: NetName=RST2 Pin=P6-8
Removed Pin From Net: NetName=SS3 Pin=P6-9
Removed Pin From Net: NetName=RST3 Pin=P6-10
Removed Pin From Net: NetName=SS4 Pin=P6-11
Removed Pin From Net: NetName=RST4 Pin=P6-12
Removed Pin From Net: NetName=SS5 Pin=P6-13
Removed Pin From Net: NetName=RST5 Pin=P6-14
Change Component DesignItemId : Designator=P3 Old DesignItemId=Header 9 New DesignItemId=Header 8
Change Component DesignItemId : Designator=P6 Old DesignItemId=Header 14 New DesignItemId=Header 13
Change Component Footprint: Designator=P3 Old Footprint=HDR1X9 New Footprint=HDR1X8
Change Component Footprint: Designator=P6 Old Footprint=HDR1X14 New Footprint=HDR1X13
Change Component Comment : Designator=P3 Old Comment=Header 9 New Comment=Header 8
Change Component Comment : Designator=P6 Old Comment=Header 14 New Comment=Header 13
Added Pin To Net: NetName=SCK Pin=P3-7
Added Pin To Net: NetName=SS3 Pin=P3-8
Added Pin To Net: NetName=SS1 Pin=P6-1
Added Pin To Net: NetName=RST1 Pin=P6-2
Added Pin To Net: NetName=SS2 Pin=P6-3
Added Pin To Net: NetName=RST2 Pin=P6-4
Added Pin To Net: NetName=SS3 Pin=P6-8
Added Pin To Net: NetName=RST3 Pin=P6-9
Added Pin To Net: NetName=SS4 Pin=P6-10
Added Pin To Net: NetName=RST4 Pin=P6-11
Added Pin To Net: NetName=SS5 Pin=P6-12
Added Pin To Net: NetName=RST5 Pin=P6-13
Added Pin To Net: NetName=NetP6_5 Pin=P6-5
Added Pin To Net: NetName=NetP6_5 Pin=R3-2
Added Net: Name=NetP6_5
Added Pin To Net: NetName=NetP6_6 Pin=P6-6
Added Pin To Net: NetName=NetP6_6 Pin=R1-2
Added Net: Name=NetP6_6
Added Pin To Net: NetName=NetP6_7 Pin=P6-7
Added Pin To Net: NetName=NetP6_7 Pin=R2-2
Added Net: Name=NetP6_7
Added Room: Name=SHIELD4
