Removed Pin From Net: NetName=VDD+3.3V Pin=P9-1
Removed Pin From Net: NetName=GND Pin=P9-2
Removed Pin From Net: NetName=SCK Pin=P9-4
Removed Pin From Net: NetName=MOSI Pin=P9-5
Removed Pin From Net: NetName=MISO Pin=P9-6
Removed Pin From Net: NetName=RESET1 Pin=P9-7
Removed Pin From Net: NetName=CS1 Pin=P9-8
Removed Pin From Net: NetName=RESET2 Pin=P9-9
Removed Pin From Net: NetName=CS2 Pin=P9-10
Removed Pin From Net: NetName=RESET3 Pin=P9-11
Removed Pin From Net: NetName=CS3 Pin=P9-12
Removed Pin From Net: NetName=RESET4 Pin=P9-13
Removed Pin From Net: NetName=CS4 Pin=P9-14
Removed Pin From Net: NetName=RESET5 Pin=P9-15
Removed Pin From Net: NetName=CS5 Pin=P9-16
Removed Pin From Net: NetName=RESET6 Pin=P9-17
Removed Pin From Net: NetName=CS6 Pin=P9-18
Added Pin To Net: NetName=GND Pin=P9-1
Added Pin To Net: NetName=VDD+3.3V Pin=P9-2
Added Pin To Net: NetName=SCK Pin=P9-3
Added Pin To Net: NetName=MISO Pin=P9-5
Added Pin To Net: NetName=MOSI Pin=P9-6
Added Pin To Net: NetName=CS1 Pin=P9-7
Added Pin To Net: NetName=RESET1 Pin=P9-8
Added Pin To Net: NetName=CS2 Pin=P9-9
Added Pin To Net: NetName=RESET2 Pin=P9-10
Added Pin To Net: NetName=CS3 Pin=P9-11
Added Pin To Net: NetName=RESET3 Pin=P9-12
Added Pin To Net: NetName=CS4 Pin=P9-13
Added Pin To Net: NetName=RESET4 Pin=P9-14
Added Pin To Net: NetName=CS5 Pin=P9-15
Added Pin To Net: NetName=RESET5 Pin=P9-16
Added Pin To Net: NetName=CS6 Pin=P9-17
Added Pin To Net: NetName=RESET6 Pin=P9-18
Added Member To Class: ClassName=poker_shematics_2 Member=Component P7 Header 8
Added Room: Name=poker_shematics_2
