Removed Pin From Net: NetName=SCK Pin=P1-7
Removed Pin From Net: NetName=SS2 Pin=P1-8
Removed Pin From Net: NetName=SCK Pin=P2-7
Removed Pin From Net: NetName=SS1 Pin=P2-8
Change Component DesignItemId : Designator=P1 Old DesignItemId=Header 8 New DesignItemId=Header 9
Change Component DesignItemId : Designator=P2 Old DesignItemId=Header 8 New DesignItemId=Header 9
Change Component Footprint: Designator=P1 Old Footprint=HDR1X8 New Footprint=HDR1X9
Change Component Footprint: Designator=P2 Old Footprint=HDR1X8 New Footprint=HDR1X9
Change Component Comment : Designator=P1 Old Comment=Header 8 New Comment=Header 9
Change Component Comment : Designator=P2 Old Comment=Header 8 New Comment=Header 9
Added Pin To Net: NetName=GND Pin=P1-4
Added Pin To Net: NetName=GND Pin=P1-7
Added Pin To Net: NetName=SCK Pin=P1-8
Added Pin To Net: NetName=SS2 Pin=P1-9
Added Pin To Net: NetName=GND Pin=P2-4
Added Pin To Net: NetName=GND Pin=P2-7
Added Pin To Net: NetName=SCK Pin=P2-8
Added Pin To Net: NetName=SS1 Pin=P2-9
Change Class Name : Old Net Name=SHIELD1 New Net Name=SHIELD3
Added Room: Name=SHIELD3
