Removed Pin From Net: NetName=VDD+3.3V Pin=P2-1
Removed Pin From Net: NetName=GND Pin=P2-2
Removed Pin From Net: NetName=SCK Pin=P2-4
Removed Pin From Net: NetName=MOSI Pin=P2-5
Removed Pin From Net: NetName=MISO Pin=P2-6
Removed Pin From Net: NetName=RESET1 Pin=P2-7
Removed Pin From Net: NetName=CS1 Pin=P2-8
Removed Pin From Net: NetName=RESET2 Pin=P2-9
Removed Pin From Net: NetName=CS2 Pin=P2-10
Removed Pin From Net: NetName=RESET3 Pin=P2-11
Removed Pin From Net: NetName=CS3 Pin=P2-12
Removed Pin From Net: NetName=RESET4 Pin=P2-13
Removed Pin From Net: NetName=CS4 Pin=P2-14
Removed Pin From Net: NetName=RESET5 Pin=P2-15
Removed Pin From Net: NetName=CS5 Pin=P2-16
Removed Pin From Net: NetName=RESET6 Pin=P2-17
Removed Pin From Net: NetName=CS6 Pin=P2-18
Removed Member From Class: ClassName=poker_shematics_2 Member=P2
Added Pin To Net: NetName=RESET6 Pin=P1-2
Added Pin To Net: NetName=CS6 Pin=P1-8
Added Pin To Net: NetName=RESET5 Pin=P3-2
Added Pin To Net: NetName=CS5 Pin=P3-8
Added Pin To Net: NetName=RESET4 Pin=P5-2
Added Pin To Net: NetName=CS4 Pin=P5-8
Added Pin To Net: NetName=RESET3 Pin=P6-2
Added Pin To Net: NetName=CS3 Pin=P6-8
Added Pin To Net: NetName=RESET2 Pin=P7-2
Added Pin To Net: NetName=CS2 Pin=P7-8
Added Pin To Net: NetName=RESET1 Pin=P8-2
Added Pin To Net: NetName=CS1 Pin=P8-8
Change Class Name : Old Net Name=poker_shematics_2 New Net Name=poker_shematics_3
Added Room: Name=poker_shematics_3
